<?xml version="1.0" encoding="UTF-8"?>
<!-- Generated by org.testng.reporters.JUnitReportReporter -->
<testsuite hostname="DESKTOP-2PSCSJ2" failures="0" tests="1" name="com.devtools.testcases.ConsoleTabDetails" time="15.203" errors="0" timestamp="2024-09-11T13:32:11 AST" skipped="0">
  <testcase classname="com.devtools.testcases.ConsoleTabDetails" name="verifyConsoleTabDetails" time="15.203"/>
  <system-out/>
</testsuite> <!-- com.devtools.testcases.ConsoleTabDetails -->
