<?xml version="1.0" encoding="UTF-8"?>
<!-- Generated by org.testng.reporters.JUnitReportReporter -->
<testsuite hostname="DESKTOP-2PSCSJ2" failures="0" tests="3" name="com.devtools.testcases.PerformanceTabDetails" time="11.010" errors="0" timestamp="2024-09-11T15:57:38 AST" skipped="2">
  <testcase classname="com.devtools.testcases.PerformanceTabDetails" name="verifyRecordResponse" time="11.010"/>
  <system-out/>
  <testcase classname="com.devtools.testcases.PerformanceTabDetails" name="verifyPerformanceTabDetails">
    <skipped/>
  </testcase> <!-- verifyPerformanceTabDetails -->
  <system-out/>
  <testcase classname="com.devtools.testcases.PerformanceTabDetails" name="verifyBrowserCookiesDetails">
    <skipped/>
  </testcase> <!-- verifyBrowserCookiesDetails -->
  <system-out/>
</testsuite> <!-- com.devtools.testcases.PerformanceTabDetails -->
