<?xml version="1.0" encoding="UTF-8"?>
<!-- Generated by org.testng.reporters.JUnitReportReporter -->
<testsuite hostname="DESKTOP-2PSCSJ2" failures="0" tests="1" name="com.devtools.testcases.NetworkTabDetails" time="7.503" errors="0" timestamp="2024-09-11T11:57:26 AST" skipped="0">
  <testcase classname="com.devtools.testcases.NetworkTabDetails" name="verifyNetworkTabDetails" time="7.503"/>
  <system-out/>
</testsuite> <!-- com.devtools.testcases.NetworkTabDetails -->
