<?xml version="1.0" encoding="UTF-8"?>
<!-- Generated by org.testng.reporters.JUnitReportReporter -->
<testsuite hostname="DESKTOP-2PSCSJ2" failures="0" tests="1" name="com.devtools.testcases.EmulatingGeoLocation" time="11.222" errors="0" timestamp="2024-09-12T00:50:46 AST" skipped="0">
  <testcase classname="com.devtools.testcases.EmulatingGeoLocation" name="verifyGeolocationisEmulated" time="11.222"/>
  <system-out/>
</testsuite> <!-- com.devtools.testcases.EmulatingGeoLocation -->
